<?xml version="1.0" encoding="UTF-8"?>
<testsuite xmlns:xsi="http://www.w3.org/2001/XMLSchema-instance" xsi:noNamespaceSchemaLocation="https://maven.apache.org/surefire/maven-surefire-plugin/xsd/surefire-test-report.xsd" name="RefreshUserWithAuthorizationTest" time="2.74" tests="2" errors="0" skipped="0" failures="2">
  <properties>
[...]
</properties>
  <testcase name="checkUserCanRename" classname="RefreshUserWithAuthorizationTest" time="1.39">
    <failure message="1 expectation failed.&#10;JSON path user doesn&apos;t match.&#10;Expected: &lt;{email=JEpmXxxYJzEeDIr@yandex.ru, name=Viz&gt;&#10;  Actual: &lt;{email=jepmxxxyjzeedir@yandex.ru, name=NsDTPwpLam}&gt;&#10;" type="java.lang.AssertionError"><![CDATA[java.lang.AssertionError: 
1 expectation failed.
JSON path user doesn't match.
Expected: <{email=JEpmXxxYJzEeDIr@yandex.ru, name=Viz>
  Actual: <{email=jepmxxxyjzeedir@yandex.ru, name=NsDTPwpLam}>

	at RefreshUserWithAuthorizationTest.checkUserCanRename(RefreshUserWithAuthorizationTest.java:35)
]]></failure>
    <system-out><![CDATA[{"email":"JEpmXxxYJzEeDIr@yandex.ru","password":"mBClEhsSdb"}
{"success":true,"user":{"email":"jepmxxxyjzeedir@yandex.ru","name":"NsDTPwpLam"}}
Учетная запись удалена : {"success":true,"message":"User successfully removed"}
]]></system-out>
  </testcase>
  <testcase name="checkUserCanChangeLogin" classname="RefreshUserWithAuthorizationTest" time="1.346">
    <failure message="1 expectation failed.&#10;JSON path user doesn&apos;t match.&#10;Expected: &lt;{email=123456789@Gmail.com, name=iGgaKWdpfl&gt;&#10;  Actual: &lt;{email=oaorvenedjswzvb@yandex.ru, name=iGgaKWdpfl}&gt;&#10;" type="java.lang.AssertionError"><![CDATA[java.lang.AssertionError: 
1 expectation failed.
JSON path user doesn't match.
Expected: <{email=123456789@Gmail.com, name=iGgaKWdpfl>
  Actual: <{email=oaorvenedjswzvb@yandex.ru, name=iGgaKWdpfl}>

	at RefreshUserWithAuthorizationTest.checkUserCanChangeLogin(RefreshUserWithAuthorizationTest.java:54)
]]></failure>
    <system-out><![CDATA[{"email":"OaoRvENEDJSWZVB@yandex.ru","password":"rUzPCdEsWI"}
{"success":true,"user":{"email":"oaorvenedjswzvb@yandex.ru","name":"iGgaKWdpfl"}}
Учетная запись удалена : {"success":true,"message":"User successfully removed"}
]]></system-out>
  </testcase>
</testsuite>