<?xml version="1.0" encoding="UTF-8"?>
<testsuite xmlns:xsi="http://www.w3.org/2001/XMLSchema-instance" xsi:noNamespaceSchemaLocation="https://maven.apache.org/surefire/maven-surefire-plugin/xsd/surefire-test-report.xsd" name="RefreshUserWithAuthorizationTest" time="2.672" tests="2" errors="0" skipped="0" failures="2">
  <properties>
[...]
</properties>
  <testcase name="checkUserCanRename" classname="RefreshUserWithAuthorizationTest" time="1.361">
    <failure message="1 expectation failed.&#10;JSON path user doesn&apos;t match.&#10;Expected: &lt;{email=JFThsLHEBHAlLsE@yandex.ru, name=Viz&gt;}&#10;  Actual: &lt;{email=jfthslhebhallse@yandex.ru, name=ZcTLAKdlQY}&gt;&#10;" type="java.lang.AssertionError"><![CDATA[java.lang.AssertionError: 
1 expectation failed.
JSON path user doesn't match.
Expected: <{email=JFThsLHEBHAlLsE@yandex.ru, name=Viz>}
  Actual: <{email=jfthslhebhallse@yandex.ru, name=ZcTLAKdlQY}>

	at RefreshUserWithAuthorizationTest.checkUserCanRename(RefreshUserWithAuthorizationTest.java:40)
]]></failure>
    <system-out><![CDATA[{"email":"JFThsLHEBHAlLsE@yandex.ru", "password":"xceXgJHIFh"}
{"success":true,"user":{"email":"jfthslhebhallse@yandex.ru","name":"ZcTLAKdlQY"}}
{
    "success": true,
    "accessToken": "Bearer eyJhbGciOiJIUzI1NiIsInR5cCI6IkpXVCJ9.eyJpZCI6IjYyNDg2ZDFhOTk5ZmIyMDAxYjZlMjFjNSIsImlhdCI6MTY0ODkxMzY5MSwiZXhwIjoxNjQ4OTE0ODkxfQ.zq2HzNCVqy6gwJUjFgPNiETw-5zM51lTBDJolxi5pLA",
    "refreshToken": "18181632bdff363eea10a16f38f56da17a0b8eb2255a54ff590e5b0185893adb10d758f46dda92f2",
    "user": {
        "email": "jfthslhebhallse@yandex.ru",
        "name": "ZcTLAKdlQY"
    }
}
]]></system-out>
  </testcase>
  <testcase name="checkUserCanChangeLogin" classname="RefreshUserWithAuthorizationTest" time="1.304">
    <failure message="1 expectation failed.&#10;JSON path user doesn&apos;t match.&#10;Expected: &lt;{email=123456789@Gmail.com, name=zPsHvDtApv}&gt;&#10;  Actual: &lt;{email=mmedjdyhofwhayo@yandex.ru, name=zPsHvDtApv}&gt;&#10;" type="java.lang.AssertionError"><![CDATA[java.lang.AssertionError: 
1 expectation failed.
JSON path user doesn't match.
Expected: <{email=123456789@Gmail.com, name=zPsHvDtApv}>
  Actual: <{email=mmedjdyhofwhayo@yandex.ru, name=zPsHvDtApv}>

	at RefreshUserWithAuthorizationTest.checkUserCanChangeLogin(RefreshUserWithAuthorizationTest.java:58)
]]></failure>
    <system-out><![CDATA[{"email":"MmedJdYhOFWhayo@yandex.ru", "password":"wmdutnRxRb"}
{"success":true,"user":{"email":"mmedjdyhofwhayo@yandex.ru","name":"zPsHvDtApv"}}
{
    "success": true,
    "accessToken": "Bearer eyJhbGciOiJIUzI1NiIsInR5cCI6IkpXVCJ9.eyJpZCI6IjYyNDg2ZDFiOTk5ZmIyMDAxYjZlMjFjOSIsImlhdCI6MTY0ODkxMzY5MiwiZXhwIjoxNjQ4OTE0ODkyfQ.J5zZ89bswb_-0h4C59nmrN6xqnkodYHHQLNMbG2x318",
    "refreshToken": "3626be9a0e5ca12fc95ad718d5d77a10da1333641bbf8e795a6e2e82e4e295e2c2a4e7bcc08afe6c",
    "user": {
        "email": "mmedjdyhofwhayo@yandex.ru",
        "name": "zPsHvDtApv"
    }
}
]]></system-out>
  </testcase>
</testsuite>